<?xml version="1.0" encoding="UTF-8"?>
<!-- Generated by org.testng.reporters.JUnitXMLReporter -->
<testsuite ignored="0" hostname="Lenovo-PC" failures="0" tests="6" name="OrangeHrms" time="126.03" errors="0" timestamp="2020-03-01T16:58:19 IST">
  <testcase classname="com.hrms.qa.testcases.LoginPageTest" name="LoginPageTitleTest" time="0.133"/>
  <testcase classname="com.hrms.qa.testcases.LoginPageTest" name="logoimagetest" time="0.533"/>
  <testcase classname="com.hrms.qa.testcases.LoginPageTest" name="loginTest" time="10.161"/>
  <testcase classname="com.hrms.qa.testcases.HomePageTest" name="HomePageTitleTest" time="0.036"/>
  <testcase classname="com.hrms.qa.testcases.HomePageTest" name="VerifyWelcomeNote" time="0.156"/>
  <testcase classname="com.hrms.qa.testcases.HomePageTest" name="VerifyReportlink" time="2.626"/>
</testsuite> <!-- OrangeHrms -->
