<?xml version="1.0" encoding="UTF-8"?>
<!-- Generated by org.testng.reporters.JUnitXMLReporter -->
<testsuite ignored="0" hostname="Lenovo-PC" failures="0" tests="6" name="Test1" time="58.826" errors="0" timestamp="2020-02-25T23:00:10 IST">
  <testcase classname="com.hrms.qa.testcases.LoginPageTest" name="LoginPageTitleTest" time="0.028"/>
  <testcase classname="com.hrms.qa.testcases.LoginPageTest" name="logoimagetest" time="0.147"/>
  <testcase classname="com.hrms.qa.testcases.LoginPageTest" name="loginTest" time="2.792"/>
  <testcase classname="com.hrms.qa.testcases.HomePageTest" name="HomePageTitleTest" time="0.02"/>
  <testcase classname="com.hrms.qa.testcases.HomePageTest" name="VerifyWelcomeNote" time="0.1"/>
  <testcase classname="com.hrms.qa.testcases.HomePageTest" name="VerifyReportlink" time="1.887"/>
</testsuite> <!-- Test1 -->
