<?xml version="1.0" encoding="UTF-8"?>
<testng-results ignored="0" total="6" passed="6" failed="0" skipped="0">
  <reporter-output>
  </reporter-output>
  <suite started-at="2020-03-01T16:56:12 IST" name="Suite1" finished-at="2020-03-01T16:58:18 IST" duration-ms="126030">
    <groups>
    </groups>
    <test started-at="2020-03-01T16:56:12 IST" name="OrangeHrms" finished-at="2020-03-01T16:58:18 IST" duration-ms="126030">
      <class name="com.hrms.qa.testcases.LoginPageTest">
        <test-method is-config="true" signature="SetUp()[pri:0, instance:com.hrms.qa.testcases.LoginPageTest@fa36558]" started-at="2020-03-01T16:56:12 IST" name="SetUp" finished-at="2020-03-01T16:56:29 IST" duration-ms="17003" status="PASS">
          <reporter-output>
          </reporter-output>
        </test-method> <!-- SetUp -->
        <test-method signature="LoginPageTitleTest()[pri:1, instance:com.hrms.qa.testcases.LoginPageTest@fa36558]" started-at="2020-03-01T16:56:29 IST" name="LoginPageTitleTest" finished-at="2020-03-01T16:56:30 IST" duration-ms="133" status="PASS">
          <reporter-output>
          </reporter-output>
        </test-method> <!-- LoginPageTitleTest -->
        <test-method is-config="true" signature="tearDown()[pri:0, instance:com.hrms.qa.testcases.LoginPageTest@fa36558]" started-at="2020-03-01T16:56:30 IST" name="tearDown" finished-at="2020-03-01T16:56:33 IST" duration-ms="3120" status="PASS">
          <reporter-output>
          </reporter-output>
        </test-method> <!-- tearDown -->
        <test-method is-config="true" signature="SetUp()[pri:0, instance:com.hrms.qa.testcases.LoginPageTest@fa36558]" started-at="2020-03-01T16:56:33 IST" name="SetUp" finished-at="2020-03-01T16:56:43 IST" duration-ms="9983" status="PASS">
          <reporter-output>
          </reporter-output>
        </test-method> <!-- SetUp -->
        <test-method signature="logoimagetest()[pri:2, instance:com.hrms.qa.testcases.LoginPageTest@fa36558]" started-at="2020-03-01T16:56:43 IST" name="logoimagetest" finished-at="2020-03-01T16:56:43 IST" duration-ms="533" status="PASS">
          <reporter-output>
          </reporter-output>
        </test-method> <!-- logoimagetest -->
        <test-method is-config="true" signature="tearDown()[pri:0, instance:com.hrms.qa.testcases.LoginPageTest@fa36558]" started-at="2020-03-01T16:56:43 IST" name="tearDown" finished-at="2020-03-01T16:56:46 IST" duration-ms="2449" status="PASS">
          <reporter-output>
          </reporter-output>
        </test-method> <!-- tearDown -->
        <test-method is-config="true" signature="SetUp()[pri:0, instance:com.hrms.qa.testcases.LoginPageTest@fa36558]" started-at="2020-03-01T16:56:46 IST" name="SetUp" finished-at="2020-03-01T16:56:55 IST" duration-ms="9577" status="PASS">
          <reporter-output>
          </reporter-output>
        </test-method> <!-- SetUp -->
        <test-method signature="loginTest()[pri:3, instance:com.hrms.qa.testcases.LoginPageTest@fa36558]" started-at="2020-03-01T16:56:55 IST" name="loginTest" finished-at="2020-03-01T16:57:05 IST" duration-ms="10161" status="PASS">
          <reporter-output>
          </reporter-output>
        </test-method> <!-- loginTest -->
        <test-method is-config="true" signature="tearDown()[pri:0, instance:com.hrms.qa.testcases.LoginPageTest@fa36558]" started-at="2020-03-01T16:57:05 IST" name="tearDown" finished-at="2020-03-01T16:57:07 IST" duration-ms="1483" status="PASS">
          <reporter-output>
          </reporter-output>
        </test-method> <!-- tearDown -->
      </class> <!-- com.hrms.qa.testcases.LoginPageTest -->
      <class name="com.hrms.qa.testcases.HomePageTest">
        <test-method is-config="true" signature="SetUp()[pri:0, instance:com.hrms.qa.testcases.HomePageTest@672872e1]" started-at="2020-03-01T16:57:07 IST" name="SetUp" finished-at="2020-03-01T16:57:27 IST" duration-ms="20231" status="PASS">
          <reporter-output>
          </reporter-output>
        </test-method> <!-- SetUp -->
        <test-method signature="HomePageTitleTest()[pri:1, instance:com.hrms.qa.testcases.HomePageTest@672872e1]" started-at="2020-03-01T16:57:27 IST" name="HomePageTitleTest" finished-at="2020-03-01T16:57:27 IST" duration-ms="36" status="PASS">
          <reporter-output>
          </reporter-output>
        </test-method> <!-- HomePageTitleTest -->
        <test-method is-config="true" signature="tearDown()[pri:0, instance:com.hrms.qa.testcases.HomePageTest@672872e1]" started-at="2020-03-01T16:57:27 IST" name="tearDown" finished-at="2020-03-01T16:57:28 IST" duration-ms="937" status="PASS">
          <reporter-output>
          </reporter-output>
        </test-method> <!-- tearDown -->
        <test-method is-config="true" signature="SetUp()[pri:0, instance:com.hrms.qa.testcases.HomePageTest@672872e1]" started-at="2020-03-01T16:57:28 IST" name="SetUp" finished-at="2020-03-01T16:57:54 IST" duration-ms="25792" status="PASS">
          <reporter-output>
          </reporter-output>
        </test-method> <!-- SetUp -->
        <test-method signature="VerifyWelcomeNote()[pri:2, instance:com.hrms.qa.testcases.HomePageTest@672872e1]" started-at="2020-03-01T16:57:54 IST" name="VerifyWelcomeNote" finished-at="2020-03-01T16:57:54 IST" duration-ms="156" status="PASS">
          <reporter-output>
          </reporter-output>
        </test-method> <!-- VerifyWelcomeNote -->
        <test-method is-config="true" signature="tearDown()[pri:0, instance:com.hrms.qa.testcases.HomePageTest@672872e1]" started-at="2020-03-01T16:57:54 IST" name="tearDown" finished-at="2020-03-01T16:57:55 IST" duration-ms="1060" status="PASS">
          <reporter-output>
          </reporter-output>
        </test-method> <!-- tearDown -->
        <test-method is-config="true" signature="SetUp()[pri:0, instance:com.hrms.qa.testcases.HomePageTest@672872e1]" started-at="2020-03-01T16:57:55 IST" name="SetUp" finished-at="2020-03-01T16:58:12 IST" duration-ms="16657" status="PASS">
          <reporter-output>
          </reporter-output>
        </test-method> <!-- SetUp -->
        <test-method signature="VerifyReportlink()[pri:3, instance:com.hrms.qa.testcases.HomePageTest@672872e1]" started-at="2020-03-01T16:58:12 IST" name="VerifyReportlink" finished-at="2020-03-01T16:58:14 IST" duration-ms="2626" status="PASS">
          <reporter-output>
          </reporter-output>
        </test-method> <!-- VerifyReportlink -->
        <test-method is-config="true" signature="tearDown()[pri:0, instance:com.hrms.qa.testcases.HomePageTest@672872e1]" started-at="2020-03-01T16:58:14 IST" name="tearDown" finished-at="2020-03-01T16:58:18 IST" duration-ms="3931" status="PASS">
          <reporter-output>
          </reporter-output>
        </test-method> <!-- tearDown -->
      </class> <!-- com.hrms.qa.testcases.HomePageTest -->
    </test> <!-- OrangeHrms -->
  </suite> <!-- Suite1 -->
</testng-results>
